<?xml version="1.0" encoding="UTF-8"?>
<!-- Generated by org.testng.reporters.JUnitReportReporter -->
<testsuite skipped="0" hostname="acer" name="com.datadriven.test.DataDrivenTest" tests="2" failures="0" timestamp="30 Apr 2020 06:41:26 GMT" time="93.521" errors="0">
  <testcase name="registration" time="81.194" classname="com.datadriven.test.DataDrivenTest"/>
  <testcase name="signIn" time="12.327" classname="com.datadriven.test.DataDrivenTest"/>
</testsuite> <!-- com.datadriven.test.DataDrivenTest -->
