<?xml version="1.0" encoding="UTF-8"?>
<!-- Generated by org.testng.reporters.JUnitReportReporter -->
<testsuite skipped="0" hostname="acer" name="com.parameter.test.ParametersTest" tests="1" failures="0" timestamp="29 Apr 2020 14:01:17 GMT" time="31.878" errors="0">
  <testcase name="parameterAnnoTest" time="31.878" classname="com.parameter.test.ParametersTest"/>
</testsuite> <!-- com.parameter.test.ParametersTest -->
